<?xml version="1.0" encoding="utf-8" standalone="no"?>
<!--This file represents the results of running a test suite-->
<test-results name="D:\ТиМ программ\Лабораторная работа3\StorePassword\PasswordTests\bin\Debug\PasswordTests.dll" total="6" errors="0" failures="0" not-run="0" inconclusive="0" ignored="0" skipped="0" invalid="0" date="2017-01-26" time="20:24:23">
  <environment nunit-version="2.6.4.14350" clr-version="2.0.50727.8009" os-version="Microsoft Windows NT 6.2.9200.0" platform="Win32NT" cwd="D:\ТиМ программ\Лабораторная работа3\StorePassword\PasswordTests\bin\Debug" machine-name="PC" user="pc1" user-domain="PC" />
  <culture-info current-culture="ru-RU" current-uiculture="ru-RU" />
  <test-suite type="Assembly" name="D:\ТиМ программ\Лабораторная работа3\StorePassword\PasswordTests\bin\Debug\PasswordTests.dll" executed="True" result="Success" success="True" time="0.316" asserts="0">
    <results>
      <test-suite type="Namespace" name="PasswordTests" executed="True" result="Success" success="True" time="0.288" asserts="0">
        <results>
          <test-suite type="TestFixture" name="FileStoreTests" executed="True" result="Success" success="True" time="0.259" asserts="0">
            <results>
              <test-case name="PasswordTests.FileStoreTests.AddRecordList" executed="True" result="Success" success="True" time="0.111" asserts="1" />
              <test-case name="PasswordTests.FileStoreTests.ChangeRecordList" executed="True" result="Success" success="True" time="0.037" asserts="1" />
              <test-case name="PasswordTests.FileStoreTests.CreateFileStore" executed="True" result="Success" success="True" time="0.020" asserts="1" />
              <test-case name="PasswordTests.FileStoreTests.CreateRecord" executed="True" result="Success" success="True" time="0.001" asserts="1" />
              <test-case name="PasswordTests.FileStoreTests.DeleteRecordList" executed="True" result="Success" success="True" time="0.002" asserts="1" />
            </results>
          </test-suite>
          <test-suite type="TestFixture" name="PasswordGenertionTests" executed="True" result="Success" success="True" time="0.005" asserts="0">
            <results>
              <test-case name="PasswordTests.PasswordGenertionTests.GetPassLen7" executed="True" result="Success" success="True" time="0.002" asserts="1" />
            </results>
          </test-suite>
        </results>
      </test-suite>
    </results>
  </test-suite>
</test-results>